2016-10-20 02:02:14.713 INFO  (main) [   ] o.e.j.u.log Logging initialized @1273ms
2016-10-20 02:02:15.252 INFO  (main) [   ] o.e.j.s.Server jetty-9.3.8.v20160314
2016-10-20 02:02:15.279 INFO  (main) [   ] o.e.j.d.p.ScanningAppProvider Deployment monitor [file:///home/ram/solr-6.2.1/server/contexts/] at interval 0
2016-10-20 02:02:16.195 INFO  (main) [   ] o.e.j.w.StandardDescriptorProcessor NO JSP Support for /solr, did not find org.apache.jasper.servlet.JspServlet
2016-10-20 02:02:16.244 WARN  (main) [   ] o.e.j.s.SecurityHandler ServletContext@o.e.j.w.WebAppContext@527740a2{/solr,file:///home/ram/solr-6.2.1/server/solr-webapp/webapp/,STARTING}{/home/ram/solr-6.2.1/server/solr-webapp/webapp} has uncovered http methods for path: /
2016-10-20 02:02:16.292 INFO  (main) [   ] o.a.s.s.SolrDispatchFilter SolrDispatchFilter.init(): WebAppClassLoader=488044861@1d16f93d
2016-10-20 02:02:16.399 INFO  (main) [   ] o.a.s.c.SolrResourceLoader JNDI not configured for solr (NoInitialContextEx)
2016-10-20 02:02:16.399 INFO  (main) [   ] o.a.s.c.SolrResourceLoader using system property solr.solr.home: /home/ram/solr-6.2.1/server/solr
2016-10-20 02:02:16.410 INFO  (main) [   ] o.a.s.c.SolrResourceLoader new SolrResourceLoader for directory: '/home/ram/solr-6.2.1/server/solr'
2016-10-20 02:02:16.411 INFO  (main) [   ] o.a.s.c.SolrResourceLoader JNDI not configured for solr (NoInitialContextEx)
2016-10-20 02:02:16.411 INFO  (main) [   ] o.a.s.c.SolrResourceLoader using system property solr.solr.home: /home/ram/solr-6.2.1/server/solr
2016-10-20 02:02:16.439 INFO  (main) [   ] o.a.s.c.SolrXmlConfig Loading container configuration from /home/ram/solr-6.2.1/server/solr/solr.xml
2016-10-20 02:02:16.844 INFO  (main) [   ] o.a.s.c.CorePropertiesLocator Config-defined core root directory: /home/ram/solr-6.2.1/server/solr
2016-10-20 02:02:16.992 INFO  (main) [   ] o.a.s.c.CoreContainer New CoreContainer 360067785
2016-10-20 02:02:16.992 INFO  (main) [   ] o.a.s.c.CoreContainer Loading cores into CoreContainer [instanceDir=/home/ram/solr-6.2.1/server/solr]
2016-10-20 02:02:16.993 WARN  (main) [   ] o.a.s.c.CoreContainer Couldn't add files from /home/ram/solr-6.2.1/server/solr/lib to classpath: /home/ram/solr-6.2.1/server/solr/lib
2016-10-20 02:02:17.017 INFO  (main) [   ] o.a.s.h.c.HttpShardHandlerFactory created with socketTimeout : 600000,connTimeout : 60000,maxConnectionsPerHost : 20,maxConnections : 10000,corePoolSize : 0,maximumPoolSize : 2147483647,maxThreadIdleTime : 5,sizeOfQueue : -1,fairnessPolicy : false,useRetries : false,connectionsEvictorSleepDelay : 5000,maxConnectionIdleTime : 40000,
2016-10-20 02:02:17.481 INFO  (main) [   ] o.a.s.u.UpdateShardHandler Creating UpdateShardHandler HTTP client with params: socketTimeout=600000&connTimeout=60000&retry=true
2016-10-20 02:02:17.490 INFO  (main) [   ] o.a.s.l.LogWatcher SLF4J impl is org.slf4j.impl.Log4jLoggerFactory
2016-10-20 02:02:17.491 INFO  (main) [   ] o.a.s.l.LogWatcher Registering Log Listener [Log4j (org.slf4j.impl.Log4jLoggerFactory)]
2016-10-20 02:02:17.499 INFO  (main) [   ] o.a.s.c.CoreContainer Security conf doesn't exist. Skipping setup for authorization module.
2016-10-20 02:02:17.500 INFO  (main) [   ] o.a.s.c.CoreContainer No authentication plugin used.
2016-10-20 02:02:17.679 INFO  (main) [   ] o.a.s.c.CorePropertiesLocator Looking for core definitions underneath /home/ram/solr-6.2.1/server/solr
2016-10-20 02:02:17.710 INFO  (main) [   ] o.a.s.c.CoreDescriptor Created CoreDescriptor: {name=cars, config=solrconfig.xml, loadOnStartup=true, schema=schema.xml, configSetProperties=configsetprops.json, transient=false, dataDir=data/}
2016-10-20 02:02:17.710 INFO  (main) [   ] o.a.s.c.CorePropertiesLocator Found core cars in /home/ram/solr-6.2.1/server/solr/cars
2016-10-20 02:02:17.710 INFO  (main) [   ] o.a.s.c.CorePropertiesLocator Found 1 core definitions
2016-10-20 02:02:17.732 INFO  (main) [   ] o.a.s.s.SolrDispatchFilter user.dir=/home/ram/solr-6.2.1/server
2016-10-20 02:02:17.733 INFO  (main) [   ] o.a.s.s.SolrDispatchFilter SolrDispatchFilter.init() done
2016-10-20 02:02:17.741 INFO  (coreLoadExecutor-6-thread-1) [   ] o.a.s.c.SolrResourceLoader new SolrResourceLoader for directory: '/home/ram/solr-6.2.1/server/solr/cars'
2016-10-20 02:02:17.741 INFO  (coreLoadExecutor-6-thread-1) [   ] o.a.s.c.SolrResourceLoader JNDI not configured for solr (NoInitialContextEx)
2016-10-20 02:02:17.741 INFO  (coreLoadExecutor-6-thread-1) [   ] o.a.s.c.SolrResourceLoader using system property solr.solr.home: /home/ram/solr-6.2.1/server/solr
2016-10-20 02:02:17.764 INFO  (main) [   ] o.e.j.s.h.ContextHandler Started o.e.j.w.WebAppContext@527740a2{/solr,file:///home/ram/solr-6.2.1/server/solr-webapp/webapp/,AVAILABLE}{/home/ram/solr-6.2.1/server/solr-webapp/webapp}
2016-10-20 02:02:17.876 INFO  (main) [   ] o.e.j.s.ServerConnector Started ServerConnector@3c9754d8{HTTP/1.1,[http/1.1]}{0.0.0.0:8983}
2016-10-20 02:02:17.877 INFO  (main) [   ] o.e.j.s.Server Started @4440ms
2016-10-20 02:02:17.931 INFO  (coreLoadExecutor-6-thread-1) [   ] o.a.s.c.SolrConfig current version of requestparams : 0
2016-10-20 02:02:17.934 INFO  (coreLoadExecutor-6-thread-1) [   ] o.a.s.c.SolrConfig Adding specified lib dirs to ClassLoader
2016-10-20 02:02:17.948 INFO  (coreLoadExecutor-6-thread-1) [   ] o.a.s.c.SolrResourceLoader Adding 'file:/home/ram/solr-6.2.1/contrib/extraction/lib/icu4j-56.1.jar' to classloader
2016-10-20 02:02:17.948 INFO  (coreLoadExecutor-6-thread-1) [   ] o.a.s.c.SolrResourceLoader Adding 'file:/home/ram/solr-6.2.1/contrib/extraction/lib/tika-core-1.13.jar' to classloader
2016-10-20 02:02:17.948 INFO  (coreLoadExecutor-6-thread-1) [   ] o.a.s.c.SolrResourceLoader Adding 'file:/home/ram/solr-6.2.1/contrib/extraction/lib/poi-3.15-beta1.jar' to classloader
2016-10-20 02:02:17.948 INFO  (coreLoadExecutor-6-thread-1) [   ] o.a.s.c.SolrResourceLoader Adding 'file:/home/ram/solr-6.2.1/contrib/extraction/lib/juniversalchardet-1.0.3.jar' to classloader
2016-10-20 02:02:17.949 INFO  (coreLoadExecutor-6-thread-1) [   ] o.a.s.c.SolrResourceLoader Adding 'file:/home/ram/solr-6.2.1/contrib/extraction/lib/tika-java7-1.13.jar' to classloader
2016-10-20 02:02:17.949 INFO  (coreLoadExecutor-6-thread-1) [   ] o.a.s.c.SolrResourceLoader Adding 'file:/home/ram/solr-6.2.1/contrib/extraction/lib/vorbis-java-core-0.8.jar' to classloader
2016-10-20 02:02:17.949 INFO  (coreLoadExecutor-6-thread-1) [   ] o.a.s.c.SolrResourceLoader Adding 'file:/home/ram/solr-6.2.1/contrib/extraction/lib/bcmail-jdk15-1.45.jar' to classloader
2016-10-20 02:02:17.949 INFO  (coreLoadExecutor-6-thread-1) [   ] o.a.s.c.SolrResourceLoader Adding 'file:/home/ram/solr-6.2.1/contrib/extraction/lib/java-libpst-0.8.1.jar' to classloader
2016-10-20 02:02:17.949 INFO  (coreLoadExecutor-6-thread-1) [   ] o.a.s.c.SolrResourceLoader Adding 'file:/home/ram/solr-6.2.1/contrib/extraction/lib/rome-1.0.jar' to classloader
2016-10-20 02:02:17.949 INFO  (coreLoadExecutor-6-thread-1) [   ] o.a.s.c.SolrResourceLoader Adding 'file:/home/ram/solr-6.2.1/contrib/extraction/lib/pdfbox-tools-2.0.1.jar' to classloader
2016-10-20 02:02:17.949 INFO  (coreLoadExecutor-6-thread-1) [   ] o.a.s.c.SolrResourceLoader Adding 'file:/home/ram/solr-6.2.1/contrib/extraction/lib/poi-scratchpad-3.15-beta1.jar' to classloader
2016-10-20 02:02:17.949 INFO  (coreLoadExecutor-6-thread-1) [   ] o.a.s.c.SolrResourceLoader Adding 'file:/home/ram/solr-6.2.1/contrib/extraction/lib/xmlbeans-2.6.0.jar' to classloader
2016-10-20 02:02:17.949 INFO  (coreLoadExecutor-6-thread-1) [   ] o.a.s.c.SolrResourceLoader Adding 'file:/home/ram/solr-6.2.1/contrib/extraction/lib/commons-compress-1.11.jar' to classloader
2016-10-20 02:02:17.949 INFO  (coreLoadExecutor-6-thread-1) [   ] o.a.s.c.SolrResourceLoader Adding 'file:/home/ram/solr-6.2.1/contrib/extraction/lib/poi-ooxml-schemas-3.15-beta1.jar' to classloader
2016-10-20 02:02:17.949 INFO  (coreLoadExecutor-6-thread-1) [   ] o.a.s.c.SolrResourceLoader Adding 'file:/home/ram/solr-6.2.1/contrib/extraction/lib/xz-1.5.jar' to classloader
2016-10-20 02:02:17.949 INFO  (coreLoadExecutor-6-thread-1) [   ] o.a.s.c.SolrResourceLoader Adding 'file:/home/ram/solr-6.2.1/contrib/extraction/lib/vorbis-java-tika-0.8.jar' to classloader
2016-10-20 02:02:17.949 INFO  (coreLoadExecutor-6-thread-1) [   ] o.a.s.c.SolrResourceLoader Adding 'file:/home/ram/solr-6.2.1/contrib/extraction/lib/boilerpipe-1.1.0.jar' to classloader
2016-10-20 02:02:17.949 INFO  (coreLoadExecutor-6-thread-1) [   ] o.a.s.c.SolrResourceLoader Adding 'file:/home/ram/solr-6.2.1/contrib/extraction/lib/apache-mime4j-dom-0.7.2.jar' to classloader
2016-10-20 02:02:17.949 INFO  (coreLoadExecutor-6-thread-1) [   ] o.a.s.c.SolrResourceLoader Adding 'file:/home/ram/solr-6.2.1/contrib/extraction/lib/xercesImpl-2.9.1.jar' to classloader
2016-10-20 02:02:17.949 INFO  (coreLoadExecutor-6-thread-1) [   ] o.a.s.c.SolrResourceLoader Adding 'file:/home/ram/solr-6.2.1/contrib/extraction/lib/jmatio-1.0.jar' to classloader
2016-10-20 02:02:17.949 INFO  (coreLoadExecutor-6-thread-1) [   ] o.a.s.c.SolrResourceLoader Adding 'file:/home/ram/solr-6.2.1/contrib/extraction/lib/bcprov-jdk15-1.45.jar' to classloader
2016-10-20 02:02:17.949 INFO  (coreLoadExecutor-6-thread-1) [   ] o.a.s.c.SolrResourceLoader Adding 'file:/home/ram/solr-6.2.1/contrib/extraction/lib/aspectjrt-1.8.0.jar' to classloader
2016-10-20 02:02:17.949 INFO  (coreLoadExecutor-6-thread-1) [   ] o.a.s.c.SolrResourceLoader Adding 'file:/home/ram/solr-6.2.1/contrib/extraction/lib/xmpcore-5.1.2.jar' to classloader
2016-10-20 02:02:17.949 INFO  (coreLoadExecutor-6-thread-1) [   ] o.a.s.c.SolrResourceLoader Adding 'file:/home/ram/solr-6.2.1/contrib/extraction/lib/poi-ooxml-3.15-beta1.jar' to classloader
2016-10-20 02:02:17.949 INFO  (coreLoadExecutor-6-thread-1) [   ] o.a.s.c.SolrResourceLoader Adding 'file:/home/ram/solr-6.2.1/contrib/extraction/lib/fontbox-2.0.1.jar' to classloader
2016-10-20 02:02:17.949 INFO  (coreLoadExecutor-6-thread-1) [   ] o.a.s.c.SolrResourceLoader Adding 'file:/home/ram/solr-6.2.1/contrib/extraction/lib/tagsoup-1.2.1.jar' to classloader
2016-10-20 02:02:17.950 INFO  (coreLoadExecutor-6-thread-1) [   ] o.a.s.c.SolrResourceLoader Adding 'file:/home/ram/solr-6.2.1/contrib/extraction/lib/jdom-1.0.jar' to classloader
2016-10-20 02:02:17.950 INFO  (coreLoadExecutor-6-thread-1) [   ] o.a.s.c.SolrResourceLoader Adding 'file:/home/ram/solr-6.2.1/contrib/extraction/lib/jackcess-2.1.3.jar' to classloader
2016-10-20 02:02:17.950 INFO  (coreLoadExecutor-6-thread-1) [   ] o.a.s.c.SolrResourceLoader Adding 'file:/home/ram/solr-6.2.1/contrib/extraction/lib/tika-xmp-1.13.jar' to classloader
2016-10-20 02:02:17.950 INFO  (coreLoadExecutor-6-thread-1) [   ] o.a.s.c.SolrResourceLoader Adding 'file:/home/ram/solr-6.2.1/contrib/extraction/lib/metadata-extractor-2.8.1.jar' to classloader
2016-10-20 02:02:17.950 INFO  (coreLoadExecutor-6-thread-1) [   ] o.a.s.c.SolrResourceLoader Adding 'file:/home/ram/solr-6.2.1/contrib/extraction/lib/jempbox-1.8.12.jar' to classloader
2016-10-20 02:02:17.950 INFO  (coreLoadExecutor-6-thread-1) [   ] o.a.s.c.SolrResourceLoader Adding 'file:/home/ram/solr-6.2.1/contrib/extraction/lib/isoparser-1.1.18.jar' to classloader
2016-10-20 02:02:17.950 INFO  (coreLoadExecutor-6-thread-1) [   ] o.a.s.c.SolrResourceLoader Adding 'file:/home/ram/solr-6.2.1/contrib/extraction/lib/tika-parsers-1.13.jar' to classloader
2016-10-20 02:02:17.950 INFO  (coreLoadExecutor-6-thread-1) [   ] o.a.s.c.SolrResourceLoader Adding 'file:/home/ram/solr-6.2.1/contrib/extraction/lib/pdfbox-2.0.1.jar' to classloader
2016-10-20 02:02:17.950 INFO  (coreLoadExecutor-6-thread-1) [   ] o.a.s.c.SolrResourceLoader Adding 'file:/home/ram/solr-6.2.1/contrib/extraction/lib/apache-mime4j-core-0.7.2.jar' to classloader
2016-10-20 02:02:17.950 INFO  (coreLoadExecutor-6-thread-1) [   ] o.a.s.c.SolrResourceLoader Adding 'file:/home/ram/solr-6.2.1/dist/solr-cell-6.2.1.jar' to classloader
2016-10-20 02:02:17.950 INFO  (coreLoadExecutor-6-thread-1) [   ] o.a.s.c.SolrResourceLoader Adding 'file:/home/ram/solr-6.2.1/contrib/clustering/lib/carrot2-mini-3.12.0.jar' to classloader
2016-10-20 02:02:17.950 INFO  (coreLoadExecutor-6-thread-1) [   ] o.a.s.c.SolrResourceLoader Adding 'file:/home/ram/solr-6.2.1/contrib/clustering/lib/jackson-annotations-2.5.4.jar' to classloader
2016-10-20 02:02:17.950 INFO  (coreLoadExecutor-6-thread-1) [   ] o.a.s.c.SolrResourceLoader Adding 'file:/home/ram/solr-6.2.1/contrib/clustering/lib/carrot2-guava-18.0.jar' to classloader
2016-10-20 02:02:17.950 INFO  (coreLoadExecutor-6-thread-1) [   ] o.a.s.c.SolrResourceLoader Adding 'file:/home/ram/solr-6.2.1/contrib/clustering/lib/simple-xml-2.7.1.jar' to classloader
2016-10-20 02:02:17.950 INFO  (coreLoadExecutor-6-thread-1) [   ] o.a.s.c.SolrResourceLoader Adding 'file:/home/ram/solr-6.2.1/contrib/clustering/lib/attributes-binder-1.3.1.jar' to classloader
2016-10-20 02:02:17.950 INFO  (coreLoadExecutor-6-thread-1) [   ] o.a.s.c.SolrResourceLoader Adding 'file:/home/ram/solr-6.2.1/contrib/clustering/lib/jackson-databind-2.5.4.jar' to classloader
2016-10-20 02:02:17.950 INFO  (coreLoadExecutor-6-thread-1) [   ] o.a.s.c.SolrResourceLoader Adding 'file:/home/ram/solr-6.2.1/dist/solr-clustering-6.2.1.jar' to classloader
2016-10-20 02:02:17.950 INFO  (coreLoadExecutor-6-thread-1) [   ] o.a.s.c.SolrResourceLoader Adding 'file:/home/ram/solr-6.2.1/contrib/langid/lib/langdetect-1.1-20120112.jar' to classloader
2016-10-20 02:02:17.950 INFO  (coreLoadExecutor-6-thread-1) [   ] o.a.s.c.SolrResourceLoader Adding 'file:/home/ram/solr-6.2.1/contrib/langid/lib/jsonic-1.2.7.jar' to classloader
2016-10-20 02:02:17.951 INFO  (coreLoadExecutor-6-thread-1) [   ] o.a.s.c.SolrResourceLoader Adding 'file:/home/ram/solr-6.2.1/dist/solr-langid-6.2.1.jar' to classloader
2016-10-20 02:02:17.951 INFO  (coreLoadExecutor-6-thread-1) [   ] o.a.s.c.SolrResourceLoader Adding 'file:/home/ram/solr-6.2.1/contrib/velocity/lib/velocity-tools-2.0.jar' to classloader
2016-10-20 02:02:17.951 INFO  (coreLoadExecutor-6-thread-1) [   ] o.a.s.c.SolrResourceLoader Adding 'file:/home/ram/solr-6.2.1/contrib/velocity/lib/commons-collections-3.2.2.jar' to classloader
2016-10-20 02:02:17.951 INFO  (coreLoadExecutor-6-thread-1) [   ] o.a.s.c.SolrResourceLoader Adding 'file:/home/ram/solr-6.2.1/contrib/velocity/lib/commons-beanutils-1.8.3.jar' to classloader
2016-10-20 02:02:17.951 INFO  (coreLoadExecutor-6-thread-1) [   ] o.a.s.c.SolrResourceLoader Adding 'file:/home/ram/solr-6.2.1/contrib/velocity/lib/velocity-1.7.jar' to classloader
2016-10-20 02:02:17.951 INFO  (coreLoadExecutor-6-thread-1) [   ] o.a.s.c.SolrResourceLoader Adding 'file:/home/ram/solr-6.2.1/dist/solr-velocity-6.2.1.jar' to classloader
2016-10-20 02:02:18.956 INFO  (coreLoadExecutor-6-thread-1) [   ] o.a.s.c.SolrConfig Using Lucene MatchVersion: 6.2.1
2016-10-20 02:02:19.095 INFO  (coreLoadExecutor-6-thread-1) [   ] o.a.s.c.SolrConfig Loaded SolrConfig: solrconfig.xml
2016-10-20 02:02:19.268 INFO  (coreLoadExecutor-6-thread-1) [   ] o.a.s.s.IndexSchema [cars] Schema name=example-data-driven-schema
2016-10-20 02:02:20.011 INFO  (coreLoadExecutor-6-thread-1) [   ] o.a.s.s.IndexSchema unique key field: id
2016-10-20 02:02:20.303 INFO  (coreLoadExecutor-6-thread-1) [   ] o.a.s.s.FileExchangeRateProvider Reloading exchange rates from file currency.xml
2016-10-20 02:02:20.321 INFO  (coreLoadExecutor-6-thread-1) [   ] o.a.s.s.FileExchangeRateProvider Reloading exchange rates from file currency.xml
2016-10-20 02:02:20.366 INFO  (coreLoadExecutor-6-thread-1) [   ] o.a.s.c.ConfigSetProperties Did not find ConfigSet properties, assuming default properties: Can't find resource 'configsetprops.json' in classpath or '/home/ram/solr-6.2.1/server/solr/cars'
2016-10-20 02:02:20.366 INFO  (coreLoadExecutor-6-thread-1) [   ] o.a.s.c.CoreContainer Creating SolrCore 'cars' using configuration from instancedir /home/ram/solr-6.2.1/server/solr/cars
2016-10-20 02:02:20.429 INFO  (coreLoadExecutor-6-thread-1) [   x:cars] o.a.s.c.SolrCore solr.NRTCachingDirectoryFactory
2016-10-20 02:02:20.451 INFO  (coreLoadExecutor-6-thread-1) [   x:cars] o.a.s.c.SolrCore [[cars] ] Opening new SolrCore at [/home/ram/solr-6.2.1/server/solr/cars], dataDir=[/home/ram/solr-6.2.1/server/solr/cars/data/]
2016-10-20 02:02:20.464 INFO  (coreLoadExecutor-6-thread-1) [   x:cars] o.a.s.c.JmxMonitoredMap No JMX servers found, not exposing Solr information with JMX.
2016-10-20 02:02:20.467 INFO  (coreLoadExecutor-6-thread-1) [   x:cars] o.a.s.c.SolrCore [[cars] ] Added SolrEventListener for newSearcher: [org.apache.solr.core.QuerySenderListener{queries=[]}]
2016-10-20 02:02:20.467 INFO  (coreLoadExecutor-6-thread-1) [   x:cars] o.a.s.c.SolrCore [[cars] ] Added SolrEventListener for firstSearcher: [org.apache.solr.core.QuerySenderListener{queries=[]}]
2016-10-20 02:02:20.495 INFO  (coreLoadExecutor-6-thread-1) [   x:cars] o.a.s.c.CachingDirectoryFactory return new directory for /home/ram/solr-6.2.1/server/solr/cars/data/snapshot_metadata
2016-10-20 02:02:20.496 INFO  (coreLoadExecutor-6-thread-1) [   x:cars] o.a.s.c.s.SolrSnapshotMetaDataManager Loading from snapshot metadata file...
2016-10-20 02:02:20.514 INFO  (coreLoadExecutor-6-thread-1) [   x:cars] o.a.s.c.SchemaCodecFactory Using default compressionMode: BEST_SPEED
2016-10-20 02:02:20.515 INFO  (coreLoadExecutor-6-thread-1) [   x:cars] o.a.s.c.CachingDirectoryFactory return new directory for /home/ram/solr-6.2.1/server/solr/cars/data
2016-10-20 02:02:20.515 INFO  (coreLoadExecutor-6-thread-1) [   x:cars] o.a.s.c.SolrCore New index directory detected: old=null new=/home/ram/solr-6.2.1/server/solr/cars/data/index/
2016-10-20 02:02:20.515 INFO  (coreLoadExecutor-6-thread-1) [   x:cars] o.a.s.c.CachingDirectoryFactory return new directory for /home/ram/solr-6.2.1/server/solr/cars/data/index
2016-10-20 02:02:20.527 INFO  (OldIndexDirectoryCleanupThreadForCore-cars) [   x:cars] o.a.s.c.SolrCore Looking for old index directories to cleanup for core cars in /home/ram/solr-6.2.1/server/solr/cars/data/
2016-10-20 02:02:20.537 INFO  (coreLoadExecutor-6-thread-1) [   x:cars] o.a.s.c.PluginBag queryResponseWriter : 'velocity' created with startup=lazy 
2016-10-20 02:02:20.539 INFO  (coreLoadExecutor-6-thread-1) [   x:cars] o.a.s.r.XSLTResponseWriter xsltCacheLifetimeSeconds=5
2016-10-20 02:02:20.713 INFO  (coreLoadExecutor-6-thread-1) [   x:cars] o.a.s.u.p.UpdateRequestProcessorChain creating updateRequestProcessorChain "add-unknown-fields-to-the-schema"
2016-10-20 02:02:20.799 INFO  (coreLoadExecutor-6-thread-1) [   x:cars] o.a.s.c.SolrCore no updateRequestProcessorChain defined as default, creating implicit default
2016-10-20 02:02:20.844 INFO  (coreLoadExecutor-6-thread-1) [   x:cars] o.a.s.h.l.XMLLoader xsltCacheLifetimeSeconds=60
2016-10-20 02:02:20.886 INFO  (coreLoadExecutor-6-thread-1) [   x:cars] o.a.s.h.l.XMLLoader xsltCacheLifetimeSeconds=60
2016-10-20 02:02:20.888 INFO  (coreLoadExecutor-6-thread-1) [   x:cars] o.a.s.h.l.XMLLoader xsltCacheLifetimeSeconds=60
2016-10-20 02:02:20.890 INFO  (coreLoadExecutor-6-thread-1) [   x:cars] o.a.s.h.l.XMLLoader xsltCacheLifetimeSeconds=60
2016-10-20 02:02:21.027 INFO  (coreLoadExecutor-6-thread-1) [   x:cars] o.a.s.c.PluginBag requestHandler : '/terms' created with startup=lazy 
2016-10-20 02:02:21.028 INFO  (coreLoadExecutor-6-thread-1) [   x:cars] o.a.s.c.PluginBag requestHandler : '/update/extract' created with startup=lazy 
2016-10-20 02:02:21.028 INFO  (coreLoadExecutor-6-thread-1) [   x:cars] o.a.s.c.PluginBag requestHandler : '/analysis/field' created with startup=lazy 
2016-10-20 02:02:21.028 INFO  (coreLoadExecutor-6-thread-1) [   x:cars] o.a.s.c.PluginBag requestHandler : '/analysis/document' created with startup=lazy 
2016-10-20 02:02:21.030 INFO  (coreLoadExecutor-6-thread-1) [   x:cars] o.a.s.c.PluginBag requestHandler : '/spellcheck' created with startup=lazy 
2016-10-20 02:02:21.030 INFO  (coreLoadExecutor-6-thread-1) [   x:cars] o.a.s.c.PluginBag requestHandler : '/suggest' created with startup=lazy 
2016-10-20 02:02:21.031 INFO  (coreLoadExecutor-6-thread-1) [   x:cars] o.a.s.c.PluginBag requestHandler : '/spell' created with startup=lazy 
2016-10-20 02:02:21.031 INFO  (coreLoadExecutor-6-thread-1) [   x:cars] o.a.s.c.PluginBag requestHandler : '/tvrh' created with startup=lazy 
2016-10-20 02:02:21.031 INFO  (coreLoadExecutor-6-thread-1) [   x:cars] o.a.s.c.PluginBag requestHandler : '/elevate' created with startup=lazy 
2016-10-20 02:02:21.031 INFO  (coreLoadExecutor-6-thread-1) [   x:cars] o.a.s.c.RequestHandlers Registered paths: /admin/mbeans,/browse,/update/json/docs,/admin/luke,/export,/get,/admin/properties,/elevate,/update/json,/admin/threads,/query,/spellcheck,/analysis/field,/analysis/document,/spell,/update/csv,/sql,/graph,/tvrh,/select,/admin/segments,/admin/system,/suggest,/replication,/config,/stream,/schema,/admin/plugins,/admin/logging,/admin/ping,/update,/admin/file,/terms,/debug/dump,/update/extract
2016-10-20 02:02:21.031 INFO  (coreLoadExecutor-6-thread-1) [   x:cars] o.a.s.c.SolrCore Using default statsCache cache: org.apache.solr.search.stats.LocalStatsCache
2016-10-20 02:02:21.044 INFO  (coreLoadExecutor-6-thread-1) [   x:cars] o.a.s.u.UpdateHandler Using UpdateLog implementation: org.apache.solr.update.UpdateLog
2016-10-20 02:02:21.044 INFO  (coreLoadExecutor-6-thread-1) [   x:cars] o.a.s.u.UpdateLog Initializing UpdateLog: dataDir= defaultSyncLevel=FLUSH numRecordsToKeep=100 maxNumLogsToKeep=10 numVersionBuckets=65536
2016-10-20 02:02:21.116 INFO  (coreLoadExecutor-6-thread-1) [   x:cars] o.a.s.u.CommitTracker Hard AutoCommit: if uncommited for 15000ms; 
2016-10-20 02:02:21.116 INFO  (coreLoadExecutor-6-thread-1) [   x:cars] o.a.s.u.CommitTracker Soft AutoCommit: disabled
2016-10-20 02:02:21.250 INFO  (coreLoadExecutor-6-thread-1) [   x:cars] o.a.s.c.SolrDeletionPolicy SolrDeletionPolicy.onInit: commits: num=1
	commit{dir=NRTCachingDirectory(MMapDirectory@/home/ram/solr-6.2.1/server/solr/cars/data/index lockFactory=org.apache.lucene.store.NativeFSLockFactory@4e7ca9e0; maxCacheMB=48.0 maxMergeSizeMB=4.0),segFN=segments_2,generation=2}
2016-10-20 02:02:21.251 INFO  (coreLoadExecutor-6-thread-1) [   x:cars] o.a.s.c.SolrDeletionPolicy newest commit generation = 2
2016-10-20 02:02:21.328 INFO  (coreLoadExecutor-6-thread-1) [   x:cars] o.a.s.s.SolrIndexSearcher Opening [Searcher@2b29e755[cars] main]
2016-10-20 02:02:21.358 INFO  (coreLoadExecutor-6-thread-1) [   x:cars] o.a.s.r.ManagedResourceStorage File-based storage initialized to use dir: /home/ram/solr-6.2.1/server/solr/cars/conf
2016-10-20 02:02:21.358 INFO  (coreLoadExecutor-6-thread-1) [   x:cars] o.a.s.r.RestManager Initializing RestManager with initArgs: {storageDir=/home/ram/solr-6.2.1/server/solr/cars/conf}
2016-10-20 02:02:21.390 INFO  (coreLoadExecutor-6-thread-1) [   x:cars] o.a.s.r.ManagedResourceStorage Reading _rest_managed.json using file:dir=/home/ram/solr-6.2.1/server/solr/cars/conf
2016-10-20 02:02:21.390 INFO  (coreLoadExecutor-6-thread-1) [   x:cars] o.a.s.r.RestManager Initializing 0 registered ManagedResources
2016-10-20 02:02:21.400 INFO  (coreLoadExecutor-6-thread-1) [   x:cars] o.a.s.h.c.SuggestComponent Initializing SuggestComponent
2016-10-20 02:02:21.403 INFO  (coreLoadExecutor-6-thread-1) [   x:cars] o.a.s.s.s.SolrSuggester init: {name=mySuggester,lookupImpl=FuzzyLookupFactory,dictionaryImpl=DocumentDictionaryFactory,field=cat,weightField=price,suggestAnalyzerFieldType=string,buildOnStartup=false}
2016-10-20 02:02:21.430 INFO  (coreLoadExecutor-6-thread-1) [   x:cars] o.a.s.s.s.SolrSuggester Dictionary loaded with params: {name=mySuggester,lookupImpl=FuzzyLookupFactory,dictionaryImpl=DocumentDictionaryFactory,field=cat,weightField=price,suggestAnalyzerFieldType=string,buildOnStartup=false}
2016-10-20 02:02:21.430 INFO  (coreLoadExecutor-6-thread-1) [   x:cars] o.a.s.h.c.SpellCheckComponent Initializing spell checkers
2016-10-20 02:02:21.437 INFO  (coreLoadExecutor-6-thread-1) [   x:cars] o.a.s.s.DirectSolrSpellChecker init: {name=default,field=_text_,classname=solr.DirectSolrSpellChecker,distanceMeasure=internal,accuracy=0.5,maxEdits=2,minPrefix=1,maxInspections=5,minQueryLength=4,maxQueryFrequency=0.01}
2016-10-20 02:02:21.438 INFO  (coreLoadExecutor-6-thread-1) [   x:cars] o.a.s.h.c.SpellCheckComponent No queryConverter defined, using default converter
2016-10-20 02:02:21.443 INFO  (coreLoadExecutor-6-thread-1) [   x:cars] o.a.s.h.c.QueryElevationComponent Loading QueryElevation from: /home/ram/solr-6.2.1/server/solr/cars/conf/elevate.xml
2016-10-20 02:02:21.470 INFO  (coreLoadExecutor-6-thread-1) [   x:cars] o.a.s.h.ReplicationHandler Commits will be reserved for  10000
2016-10-20 02:02:21.488 INFO  (searcherExecutor-7-thread-1-processing-x:cars) [   x:cars] o.a.s.c.QuerySenderListener QuerySenderListener sending requests to Searcher@2b29e755[cars] main{ExitableDirectoryReader(UninvertingDirectoryReader(Uninverting(_0(6.2.1):C128)))}
2016-10-20 02:02:21.488 INFO  (searcherExecutor-7-thread-1-processing-x:cars) [   x:cars] o.a.s.c.QuerySenderListener QuerySenderListener done.
2016-10-20 02:02:21.489 INFO  (searcherExecutor-7-thread-1-processing-x:cars) [   x:cars] o.a.s.h.c.SpellCheckComponent Loading spell index for spellchecker: default
2016-10-20 02:02:21.489 INFO  (searcherExecutor-7-thread-1-processing-x:cars) [   x:cars] o.a.s.c.SolrCore [cars] Registered new searcher Searcher@2b29e755[cars] main{ExitableDirectoryReader(UninvertingDirectoryReader(Uninverting(_0(6.2.1):C128)))}
2016-10-20 02:02:21.489 INFO  (coreLoadExecutor-6-thread-1) [   x:cars] o.a.s.u.UpdateLog Looking up max value of version field to seed version buckets
2016-10-20 02:02:21.491 INFO  (coreLoadExecutor-6-thread-1) [   x:cars] o.a.s.u.VersionInfo Refreshing highest value of _version_ for 65536 version buckets from index
2016-10-20 02:02:21.502 INFO  (coreLoadExecutor-6-thread-1) [   x:cars] o.a.s.u.VersionInfo Found MAX value 1548236994679668736 from Terms for _version_ in index
2016-10-20 02:02:21.511 INFO  (coreLoadExecutor-6-thread-1) [   x:cars] o.a.s.u.UpdateLog Took 20.0ms to seed version buckets with highest version 1548236994679668736
2016-10-20 02:02:21.512 INFO  (coreLoadExecutor-6-thread-1) [   x:cars] o.a.s.c.CoreContainer registering core: cars
2016-10-20 02:03:03.207 INFO  (qtp97730845-18) [   x:cars] o.a.s.c.S.Request [cars]  webapp=/solr path=/select params={q=price:0+to+4&indent=on&wt=json} hits=8 status=0 QTime=49
2016-10-20 02:03:12.639 INFO  (qtp97730845-21) [   x:cars] o.a.s.c.S.Request [cars]  webapp=/solr path=/select params={q=price:0+to+4&indent=on&wt=json} hits=8 status=0 QTime=2
2016-10-20 02:03:16.549 INFO  (qtp97730845-13) [   x:cars] o.a.s.c.S.Request [cars]  webapp=/solr path=/select params={q=price:0+to+4&indent=on&wt=json} hits=8 status=0 QTime=1
2016-10-20 02:03:21.677 INFO  (qtp97730845-21) [   x:cars] o.a.s.c.S.Request [cars]  webapp=/solr path=/select params={q=price:0+to+4&indent=on&wt=json} hits=8 status=0 QTime=1
2016-10-20 02:03:34.685 INFO  (qtp97730845-18) [   x:cars] o.a.s.c.S.Request [cars]  webapp=/solr path=/select params={q=price:0+to+4&indent=on&wt=json} hits=8 status=0 QTime=0
2016-10-20 02:03:45.578 INFO  (qtp97730845-18) [   x:cars] o.a.s.c.S.Request [cars]  webapp=/solr path=/select params={q=price:0+to+4&indent=on&wt=json} hits=8 status=0 QTime=0
2016-10-20 02:04:02.739 INFO  (qtp97730845-13) [   x:cars] o.a.s.c.S.Request [cars]  webapp=/solr path=/select params={q=3440ca11-3fae-4da9-a2b0-dab093ea8ba4&indent=on&wt=json} hits=1 status=0 QTime=7
2016-10-20 02:04:02.850 INFO  (qtp97730845-19) [   x:cars] o.a.s.c.S.Request [cars]  webapp=/solr path=/select params={q=MINI&indent=on&wt=json} hits=4 status=0 QTime=1
2016-10-20 04:37:43.898 INFO  (qtp97730845-14) [   x:cars] o.a.s.c.S.Request [cars]  webapp=/solr path=/select params={q=price:6+to+8&indent=on&wt=json} hits=22 status=0 QTime=3
2016-10-20 04:39:08.203 INFO  (qtp97730845-21) [   x:cars] o.a.s.c.S.Request [cars]  webapp=/solr path=/select params={q=price:6+to+8&indent=on&wt=json} hits=22 status=0 QTime=0
2016-10-20 04:39:21.447 INFO  (qtp97730845-13) [   x:cars] o.a.s.c.S.Request [cars]  webapp=/solr path=/select params={q=price:6+to+8&indent=on&wt=json} hits=22 status=0 QTime=1
2016-10-20 04:40:28.581 INFO  (qtp97730845-20) [   x:cars] o.a.s.c.S.Request [cars]  webapp=/solr path=/select params={q=price:6+to+8&indent=on&wt=json} hits=22 status=0 QTime=1
2016-10-20 04:41:13.342 INFO  (qtp97730845-21) [   x:cars] o.a.s.c.S.Request [cars]  webapp=/solr path=/select params={q=price:6+to+8&indent=on&wt=json} hits=22 status=0 QTime=1
2016-10-20 04:41:56.365 INFO  (qtp97730845-15) [   x:cars] o.a.s.c.S.Request [cars]  webapp=/solr path=/select params={q=bmw&indent=on&wt=json} hits=9 status=0 QTime=1
2016-10-20 04:42:35.266 INFO  (qtp97730845-12) [   x:cars] o.a.s.c.S.Request [cars]  webapp=/solr path=/select params={q=price:0+to+4&indent=on&wt=json} hits=8 status=0 QTime=1
2016-10-20 04:43:21.513 INFO  (qtp97730845-15) [   x:cars] o.a.s.c.S.Request [cars]  webapp=/solr path=/select params={q=price:0+to+4&indent=on&wt=json} hits=8 status=0 QTime=1
2016-10-20 04:43:28.696 INFO  (qtp97730845-19) [   x:cars] o.a.s.c.S.Request [cars]  webapp=/solr path=/select params={q=price:0+to+4&indent=on&wt=json} hits=8 status=0 QTime=1
2016-10-20 04:43:34.205 INFO  (qtp97730845-12) [   x:cars] o.a.s.c.S.Request [cars]  webapp=/solr path=/select params={q=price:0+to+4&indent=on&wt=json} hits=8 status=0 QTime=0
2016-10-20 04:43:37.471 INFO  (qtp97730845-15) [   x:cars] o.a.s.c.S.Request [cars]  webapp=/solr path=/select params={q=6635f40b-75b9-49e7-ab46-5863ed5688ae&indent=on&wt=json} hits=1 status=0 QTime=2
2016-10-20 04:43:37.599 INFO  (qtp97730845-13) [   x:cars] o.a.s.c.S.Request [cars]  webapp=/solr path=/select params={q=Tata&indent=on&wt=json} hits=7 status=0 QTime=2
2016-10-20 04:44:04.942 INFO  (qtp97730845-20) [   x:cars] o.a.s.c.S.Request [cars]  webapp=/solr path=/select params={q=bmw&indent=on&wt=json} hits=9 status=0 QTime=1
2016-10-20 05:04:53.428 INFO  (qtp97730845-19) [   x:cars] o.a.s.c.S.Request [cars]  webapp=/solr path=/select params={q=undefined&indent=on&wt=json} hits=0 status=0 QTime=1
2016-10-20 05:05:03.526 INFO  (qtp97730845-12) [   x:cars] o.a.s.c.S.Request [cars]  webapp=/solr path=/select params={q=bmw&indent=on&wt=json} hits=9 status=0 QTime=0
2016-10-20 05:06:27.259 INFO  (qtp97730845-18) [   x:cars] o.a.s.c.S.Request [cars]  webapp=/solr path=/select params={q=fa27bdfb-f75a-42a8-abf8-e594af73c9b7&indent=on&wt=json} hits=1 status=0 QTime=2
2016-10-20 05:06:27.422 INFO  (qtp97730845-19) [   x:cars] o.a.s.c.S.Request [cars]  webapp=/solr path=/select params={q=BMW&indent=on&wt=json} hits=9 status=0 QTime=0
2016-10-20 05:07:09.555 INFO  (qtp97730845-17) [   x:cars] o.a.s.c.S.Request [cars]  webapp=/solr path=/select params={q=price:8+to+*&indent=on&wt=json} hits=128 status=0 QTime=3
2016-10-20 05:08:28.681 INFO  (qtp97730845-17) [   x:cars] o.a.s.c.S.Request [cars]  webapp=/solr path=/select params={q=price:8+to+*&indent=on&wt=json} hits=128 status=0 QTime=0
2016-10-20 05:08:34.338 INFO  (qtp97730845-17) [   x:cars] o.a.s.c.S.Request [cars]  webapp=/solr path=/select params={q=price:8+to+*&indent=on&wt=json} hits=128 status=0 QTime=0
2016-10-20 05:09:05.418 INFO  (qtp97730845-20) [   x:cars] o.a.s.c.S.Request [cars]  webapp=/solr path=/select params={q=price:8+to+*&indent=on&wt=json} hits=128 status=0 QTime=0
2016-10-20 05:09:58.010 INFO  (qtp97730845-14) [   x:cars] o.a.s.c.S.Request [cars]  webapp=/solr path=/select params={q=price:8+to+*&indent=on&wt=json} hits=128 status=0 QTime=0
2016-10-20 05:10:00.773 INFO  (qtp97730845-21) [   x:cars] o.a.s.c.S.Request [cars]  webapp=/solr path=/select params={q=price:8+to+*&indent=on&wt=json} hits=128 status=0 QTime=0
2016-10-20 05:10:08.524 INFO  (qtp97730845-13) [   x:cars] o.a.s.c.S.Request [cars]  webapp=/solr path=/select params={q=price:8+to+*&indent=on&wt=json} hits=128 status=0 QTime=0
2016-10-20 05:10:19.304 INFO  (qtp97730845-17) [   x:cars] o.a.s.c.S.Request [cars]  webapp=/solr path=/select params={q=price:8+to+*&indent=on&wt=json} hits=128 status=0 QTime=0
2016-10-20 05:12:32.386 INFO  (qtp97730845-12) [   x:cars] o.a.s.c.S.Request [cars]  webapp=/solr path=/select params={q=price:8+to+*&indent=on&wt=json} hits=128 status=0 QTime=0
2016-10-20 05:17:01.690 INFO  (qtp97730845-15) [   x:cars] o.a.s.c.S.Request [cars]  webapp=/solr path=/select params={q=maruti+suzuki&indent=on&wt=json} hits=10 status=0 QTime=1
2016-10-20 05:20:02.639 INFO  (qtp97730845-14) [   x:cars] o.a.s.c.S.Request [cars]  webapp=/solr path=/select params={q=suzuki&indent=on&wt=json} hits=10 status=0 QTime=1
2016-10-20 05:22:20.073 INFO  (qtp97730845-14) [   x:cars] o.a.s.c.S.Request [cars]  webapp=/solr path=/select params={q=undefined&indent=on&wt=json} hits=0 status=0 QTime=0
2016-10-20 05:24:28.682 INFO  (qtp97730845-17) [   x:cars] o.a.s.c.S.Request [cars]  webapp=/solr path=/select params={q=undefined&indent=on&wt=json} hits=0 status=0 QTime=0
2016-10-20 05:25:11.749 INFO  (qtp97730845-19) [   x:cars] o.a.s.c.S.Request [cars]  webapp=/solr path=/select params={q=undefined&indent=on&wt=json} hits=0 status=0 QTime=0
2016-10-20 05:25:22.376 INFO  (qtp97730845-12) [   x:cars] o.a.s.c.S.Request [cars]  webapp=/solr path=/select params={q=bmw&indent=on&wt=json} hits=9 status=0 QTime=0
2016-10-20 05:47:59.731 INFO  (qtp97730845-21) [   x:cars] o.a.s.c.S.Request [cars]  webapp=/solr path=/select params={q=undefined&indent=on&wt=json} hits=0 status=0 QTime=1
2016-10-20 05:48:24.009 INFO  (qtp97730845-14) [   x:cars] o.a.s.c.S.Request [cars]  webapp=/solr path=/select params={q=bmw&indent=on&wt=json} hits=9 status=0 QTime=0
2016-10-20 06:32:29.170 INFO  (qtp97730845-18) [   x:cars] o.a.s.c.S.Request [cars]  webapp=/solr path=/select params={q=undefined&indent=on&wt=json} hits=0 status=0 QTime=1
2016-10-20 08:54:40.690 INFO  (qtp97730845-19) [   x:cars] o.a.s.c.S.Request [cars]  webapp=/solr path=/select params={q=undefined&indent=on&wt=json} hits=0 status=0 QTime=1
2016-10-20 08:55:31.698 INFO  (qtp97730845-14) [   x:cars] o.a.s.c.S.Request [cars]  webapp=/solr path=/select params={q=undefined&indent=on&wt=json} hits=0 status=0 QTime=0
2016-10-20 08:55:37.574 INFO  (qtp97730845-17) [   x:cars] o.a.s.c.S.Request [cars]  webapp=/solr path=/select params={q=undefined&indent=on&wt=json} hits=0 status=0 QTime=0
2016-10-20 08:55:43.300 INFO  (qtp97730845-20) [   x:cars] o.a.s.c.S.Request [cars]  webapp=/solr path=/select params={q=undefined&indent=on&wt=json} hits=0 status=0 QTime=1
2016-10-20 08:55:54.459 INFO  (qtp97730845-18) [   x:cars] o.a.s.c.S.Request [cars]  webapp=/solr path=/select params={q=bmw&indent=on&wt=json} hits=9 status=0 QTime=0
