0    INFO  (main) [   ] o.e.j.u.log Logging initialized @272ms
164  INFO  (main) [   ] o.e.j.s.Server jetty-9.3.8.v20160314
178  INFO  (main) [   ] o.e.j.d.p.ScanningAppProvider Deployment monitor [file:///home/ram/startup/solr/server/contexts/] at interval 0
409  INFO  (main) [   ] o.e.j.w.StandardDescriptorProcessor NO JSP Support for /solr, did not find org.apache.jasper.servlet.JspServlet
417  WARN  (main) [   ] o.e.j.s.SecurityHandler ServletContext@o.e.j.w.WebAppContext@527740a2{/solr,file:///home/ram/startup/solr/server/solr-webapp/webapp/,STARTING}{/home/ram/startup/solr/server/solr-webapp/webapp} has uncovered http methods for path: /
426  INFO  (main) [   ] o.a.s.s.SolrDispatchFilter SolrDispatchFilter.init(): WebAppClassLoader=488044861@1d16f93d
438  INFO  (main) [   ] o.a.s.c.SolrResourceLoader JNDI not configured for solr (NoInitialContextEx)
438  INFO  (main) [   ] o.a.s.c.SolrResourceLoader using system property solr.solr.home: /home/ram/startup/solr/server/solr
438  INFO  (main) [   ] o.a.s.c.SolrResourceLoader new SolrResourceLoader for directory: '/home/ram/startup/solr/server/solr'
438  INFO  (main) [   ] o.a.s.c.SolrResourceLoader JNDI not configured for solr (NoInitialContextEx)
438  INFO  (main) [   ] o.a.s.c.SolrResourceLoader using system property solr.solr.home: /home/ram/startup/solr/server/solr
443  INFO  (main) [   ] o.a.s.c.SolrXmlConfig Loading container configuration from /home/ram/startup/solr/server/solr/solr.xml
496  INFO  (main) [   ] o.a.s.c.CorePropertiesLocator Config-defined core root directory: /home/ram/startup/solr/server/solr
520  INFO  (main) [   ] o.a.s.c.CoreContainer New CoreContainer 360067785
520  INFO  (main) [   ] o.a.s.c.CoreContainer Loading cores into CoreContainer [instanceDir=/home/ram/startup/solr/server/solr]
520  WARN  (main) [   ] o.a.s.c.CoreContainer Couldn't add files from /home/ram/startup/solr/server/solr/lib to classpath: /home/ram/startup/solr/server/solr/lib
528  INFO  (main) [   ] o.a.s.h.c.HttpShardHandlerFactory created with socketTimeout : 600000,connTimeout : 60000,maxConnectionsPerHost : 20,maxConnections : 10000,corePoolSize : 0,maximumPoolSize : 2147483647,maxThreadIdleTime : 5,sizeOfQueue : -1,fairnessPolicy : false,useRetries : false,connectionsEvictorSleepDelay : 5000,maxConnectionIdleTime : 40000,
712  INFO  (main) [   ] o.a.s.u.UpdateShardHandler Creating UpdateShardHandler HTTP client with params: socketTimeout=600000&connTimeout=60000&retry=true
714  INFO  (main) [   ] o.a.s.l.LogWatcher SLF4J impl is org.slf4j.impl.Log4jLoggerFactory
715  INFO  (main) [   ] o.a.s.l.LogWatcher Registering Log Listener [Log4j (org.slf4j.impl.Log4jLoggerFactory)]
716  INFO  (main) [   ] o.a.s.c.CoreContainer Security conf doesn't exist. Skipping setup for authorization module.
716  INFO  (main) [   ] o.a.s.c.CoreContainer No authentication plugin used.
750  INFO  (main) [   ] o.a.s.c.CorePropertiesLocator Looking for core definitions underneath /home/ram/startup/solr/server/solr
756  INFO  (main) [   ] o.a.s.c.CoreDescriptor Created CoreDescriptor: {name=cars, config=solrconfig.xml, loadOnStartup=true, schema=schema.xml, configSetProperties=configsetprops.json, transient=false, dataDir=data/}
756  INFO  (main) [   ] o.a.s.c.CorePropertiesLocator Found core cars in /home/ram/startup/solr/server/solr/cars
756  INFO  (main) [   ] o.a.s.c.CorePropertiesLocator Found 1 core definitions
763  INFO  (coreLoadExecutor-6-thread-1) [   ] o.a.s.c.SolrResourceLoader new SolrResourceLoader for directory: '/home/ram/startup/solr/server/solr/cars'
763  INFO  (main) [   ] o.a.s.s.SolrDispatchFilter user.dir=/home/ram/startup/solr/server
764  INFO  (coreLoadExecutor-6-thread-1) [   ] o.a.s.c.SolrResourceLoader JNDI not configured for solr (NoInitialContextEx)
764  INFO  (main) [   ] o.a.s.s.SolrDispatchFilter SolrDispatchFilter.init() done
764  INFO  (coreLoadExecutor-6-thread-1) [   ] o.a.s.c.SolrResourceLoader using system property solr.solr.home: /home/ram/startup/solr/server/solr
777  INFO  (main) [   ] o.e.j.s.h.ContextHandler Started o.e.j.w.WebAppContext@527740a2{/solr,file:///home/ram/startup/solr/server/solr-webapp/webapp/,AVAILABLE}{/home/ram/startup/solr/server/solr-webapp/webapp}
790  INFO  (main) [   ] o.e.j.s.ServerConnector Started ServerConnector@3c9754d8{HTTP/1.1,[http/1.1]}{0.0.0.0:8983}
790  INFO  (main) [   ] o.e.j.s.Server Started @1064ms
839  INFO  (coreLoadExecutor-6-thread-1) [   ] o.a.s.c.SolrConfig current version of requestparams : 0
844  INFO  (coreLoadExecutor-6-thread-1) [   ] o.a.s.c.SolrConfig Adding specified lib dirs to ClassLoader
848  INFO  (coreLoadExecutor-6-thread-1) [   ] o.a.s.c.SolrResourceLoader Adding 'file:/home/ram/startup/solr/contrib/extraction/lib/icu4j-56.1.jar' to classloader
848  INFO  (coreLoadExecutor-6-thread-1) [   ] o.a.s.c.SolrResourceLoader Adding 'file:/home/ram/startup/solr/contrib/extraction/lib/tika-core-1.13.jar' to classloader
848  INFO  (coreLoadExecutor-6-thread-1) [   ] o.a.s.c.SolrResourceLoader Adding 'file:/home/ram/startup/solr/contrib/extraction/lib/poi-3.15-beta1.jar' to classloader
848  INFO  (coreLoadExecutor-6-thread-1) [   ] o.a.s.c.SolrResourceLoader Adding 'file:/home/ram/startup/solr/contrib/extraction/lib/juniversalchardet-1.0.3.jar' to classloader
848  INFO  (coreLoadExecutor-6-thread-1) [   ] o.a.s.c.SolrResourceLoader Adding 'file:/home/ram/startup/solr/contrib/extraction/lib/tika-java7-1.13.jar' to classloader
848  INFO  (coreLoadExecutor-6-thread-1) [   ] o.a.s.c.SolrResourceLoader Adding 'file:/home/ram/startup/solr/contrib/extraction/lib/vorbis-java-core-0.8.jar' to classloader
849  INFO  (coreLoadExecutor-6-thread-1) [   ] o.a.s.c.SolrResourceLoader Adding 'file:/home/ram/startup/solr/contrib/extraction/lib/bcmail-jdk15-1.45.jar' to classloader
849  INFO  (coreLoadExecutor-6-thread-1) [   ] o.a.s.c.SolrResourceLoader Adding 'file:/home/ram/startup/solr/contrib/extraction/lib/java-libpst-0.8.1.jar' to classloader
849  INFO  (coreLoadExecutor-6-thread-1) [   ] o.a.s.c.SolrResourceLoader Adding 'file:/home/ram/startup/solr/contrib/extraction/lib/rome-1.0.jar' to classloader
849  INFO  (coreLoadExecutor-6-thread-1) [   ] o.a.s.c.SolrResourceLoader Adding 'file:/home/ram/startup/solr/contrib/extraction/lib/pdfbox-tools-2.0.1.jar' to classloader
849  INFO  (coreLoadExecutor-6-thread-1) [   ] o.a.s.c.SolrResourceLoader Adding 'file:/home/ram/startup/solr/contrib/extraction/lib/poi-scratchpad-3.15-beta1.jar' to classloader
849  INFO  (coreLoadExecutor-6-thread-1) [   ] o.a.s.c.SolrResourceLoader Adding 'file:/home/ram/startup/solr/contrib/extraction/lib/xmlbeans-2.6.0.jar' to classloader
849  INFO  (coreLoadExecutor-6-thread-1) [   ] o.a.s.c.SolrResourceLoader Adding 'file:/home/ram/startup/solr/contrib/extraction/lib/commons-compress-1.11.jar' to classloader
849  INFO  (coreLoadExecutor-6-thread-1) [   ] o.a.s.c.SolrResourceLoader Adding 'file:/home/ram/startup/solr/contrib/extraction/lib/poi-ooxml-schemas-3.15-beta1.jar' to classloader
849  INFO  (coreLoadExecutor-6-thread-1) [   ] o.a.s.c.SolrResourceLoader Adding 'file:/home/ram/startup/solr/contrib/extraction/lib/xz-1.5.jar' to classloader
849  INFO  (coreLoadExecutor-6-thread-1) [   ] o.a.s.c.SolrResourceLoader Adding 'file:/home/ram/startup/solr/contrib/extraction/lib/vorbis-java-tika-0.8.jar' to classloader
849  INFO  (coreLoadExecutor-6-thread-1) [   ] o.a.s.c.SolrResourceLoader Adding 'file:/home/ram/startup/solr/contrib/extraction/lib/boilerpipe-1.1.0.jar' to classloader
850  INFO  (coreLoadExecutor-6-thread-1) [   ] o.a.s.c.SolrResourceLoader Adding 'file:/home/ram/startup/solr/contrib/extraction/lib/apache-mime4j-dom-0.7.2.jar' to classloader
850  INFO  (coreLoadExecutor-6-thread-1) [   ] o.a.s.c.SolrResourceLoader Adding 'file:/home/ram/startup/solr/contrib/extraction/lib/xercesImpl-2.9.1.jar' to classloader
850  INFO  (coreLoadExecutor-6-thread-1) [   ] o.a.s.c.SolrResourceLoader Adding 'file:/home/ram/startup/solr/contrib/extraction/lib/jmatio-1.0.jar' to classloader
850  INFO  (coreLoadExecutor-6-thread-1) [   ] o.a.s.c.SolrResourceLoader Adding 'file:/home/ram/startup/solr/contrib/extraction/lib/bcprov-jdk15-1.45.jar' to classloader
850  INFO  (coreLoadExecutor-6-thread-1) [   ] o.a.s.c.SolrResourceLoader Adding 'file:/home/ram/startup/solr/contrib/extraction/lib/aspectjrt-1.8.0.jar' to classloader
850  INFO  (coreLoadExecutor-6-thread-1) [   ] o.a.s.c.SolrResourceLoader Adding 'file:/home/ram/startup/solr/contrib/extraction/lib/xmpcore-5.1.2.jar' to classloader
850  INFO  (coreLoadExecutor-6-thread-1) [   ] o.a.s.c.SolrResourceLoader Adding 'file:/home/ram/startup/solr/contrib/extraction/lib/poi-ooxml-3.15-beta1.jar' to classloader
850  INFO  (coreLoadExecutor-6-thread-1) [   ] o.a.s.c.SolrResourceLoader Adding 'file:/home/ram/startup/solr/contrib/extraction/lib/fontbox-2.0.1.jar' to classloader
850  INFO  (coreLoadExecutor-6-thread-1) [   ] o.a.s.c.SolrResourceLoader Adding 'file:/home/ram/startup/solr/contrib/extraction/lib/tagsoup-1.2.1.jar' to classloader
850  INFO  (coreLoadExecutor-6-thread-1) [   ] o.a.s.c.SolrResourceLoader Adding 'file:/home/ram/startup/solr/contrib/extraction/lib/jdom-1.0.jar' to classloader
850  INFO  (coreLoadExecutor-6-thread-1) [   ] o.a.s.c.SolrResourceLoader Adding 'file:/home/ram/startup/solr/contrib/extraction/lib/jackcess-2.1.3.jar' to classloader
851  INFO  (coreLoadExecutor-6-thread-1) [   ] o.a.s.c.SolrResourceLoader Adding 'file:/home/ram/startup/solr/contrib/extraction/lib/tika-xmp-1.13.jar' to classloader
851  INFO  (coreLoadExecutor-6-thread-1) [   ] o.a.s.c.SolrResourceLoader Adding 'file:/home/ram/startup/solr/contrib/extraction/lib/metadata-extractor-2.8.1.jar' to classloader
851  INFO  (coreLoadExecutor-6-thread-1) [   ] o.a.s.c.SolrResourceLoader Adding 'file:/home/ram/startup/solr/contrib/extraction/lib/jempbox-1.8.12.jar' to classloader
851  INFO  (coreLoadExecutor-6-thread-1) [   ] o.a.s.c.SolrResourceLoader Adding 'file:/home/ram/startup/solr/contrib/extraction/lib/isoparser-1.1.18.jar' to classloader
851  INFO  (coreLoadExecutor-6-thread-1) [   ] o.a.s.c.SolrResourceLoader Adding 'file:/home/ram/startup/solr/contrib/extraction/lib/tika-parsers-1.13.jar' to classloader
851  INFO  (coreLoadExecutor-6-thread-1) [   ] o.a.s.c.SolrResourceLoader Adding 'file:/home/ram/startup/solr/contrib/extraction/lib/pdfbox-2.0.1.jar' to classloader
851  INFO  (coreLoadExecutor-6-thread-1) [   ] o.a.s.c.SolrResourceLoader Adding 'file:/home/ram/startup/solr/contrib/extraction/lib/apache-mime4j-core-0.7.2.jar' to classloader
851  INFO  (coreLoadExecutor-6-thread-1) [   ] o.a.s.c.SolrResourceLoader Adding 'file:/home/ram/startup/solr/dist/solr-cell-6.2.1.jar' to classloader
851  INFO  (coreLoadExecutor-6-thread-1) [   ] o.a.s.c.SolrResourceLoader Adding 'file:/home/ram/startup/solr/contrib/clustering/lib/carrot2-mini-3.12.0.jar' to classloader
851  INFO  (coreLoadExecutor-6-thread-1) [   ] o.a.s.c.SolrResourceLoader Adding 'file:/home/ram/startup/solr/contrib/clustering/lib/jackson-annotations-2.5.4.jar' to classloader
851  INFO  (coreLoadExecutor-6-thread-1) [   ] o.a.s.c.SolrResourceLoader Adding 'file:/home/ram/startup/solr/contrib/clustering/lib/carrot2-guava-18.0.jar' to classloader
852  INFO  (coreLoadExecutor-6-thread-1) [   ] o.a.s.c.SolrResourceLoader Adding 'file:/home/ram/startup/solr/contrib/clustering/lib/simple-xml-2.7.1.jar' to classloader
852  INFO  (coreLoadExecutor-6-thread-1) [   ] o.a.s.c.SolrResourceLoader Adding 'file:/home/ram/startup/solr/contrib/clustering/lib/attributes-binder-1.3.1.jar' to classloader
852  INFO  (coreLoadExecutor-6-thread-1) [   ] o.a.s.c.SolrResourceLoader Adding 'file:/home/ram/startup/solr/contrib/clustering/lib/jackson-databind-2.5.4.jar' to classloader
852  INFO  (coreLoadExecutor-6-thread-1) [   ] o.a.s.c.SolrResourceLoader Adding 'file:/home/ram/startup/solr/dist/solr-clustering-6.2.1.jar' to classloader
852  INFO  (coreLoadExecutor-6-thread-1) [   ] o.a.s.c.SolrResourceLoader Adding 'file:/home/ram/startup/solr/contrib/langid/lib/langdetect-1.1-20120112.jar' to classloader
852  INFO  (coreLoadExecutor-6-thread-1) [   ] o.a.s.c.SolrResourceLoader Adding 'file:/home/ram/startup/solr/contrib/langid/lib/jsonic-1.2.7.jar' to classloader
852  INFO  (coreLoadExecutor-6-thread-1) [   ] o.a.s.c.SolrResourceLoader Adding 'file:/home/ram/startup/solr/dist/solr-langid-6.2.1.jar' to classloader
852  INFO  (coreLoadExecutor-6-thread-1) [   ] o.a.s.c.SolrResourceLoader Adding 'file:/home/ram/startup/solr/contrib/velocity/lib/velocity-tools-2.0.jar' to classloader
852  INFO  (coreLoadExecutor-6-thread-1) [   ] o.a.s.c.SolrResourceLoader Adding 'file:/home/ram/startup/solr/contrib/velocity/lib/commons-collections-3.2.2.jar' to classloader
852  INFO  (coreLoadExecutor-6-thread-1) [   ] o.a.s.c.SolrResourceLoader Adding 'file:/home/ram/startup/solr/contrib/velocity/lib/commons-beanutils-1.8.3.jar' to classloader
852  INFO  (coreLoadExecutor-6-thread-1) [   ] o.a.s.c.SolrResourceLoader Adding 'file:/home/ram/startup/solr/contrib/velocity/lib/velocity-1.7.jar' to classloader
852  INFO  (coreLoadExecutor-6-thread-1) [   ] o.a.s.c.SolrResourceLoader Adding 'file:/home/ram/startup/solr/dist/solr-velocity-6.2.1.jar' to classloader
1021 INFO  (coreLoadExecutor-6-thread-1) [   ] o.a.s.c.SolrConfig Using Lucene MatchVersion: 6.2.1
1124 INFO  (coreLoadExecutor-6-thread-1) [   ] o.a.s.c.SolrConfig Loaded SolrConfig: solrconfig.xml
1198 INFO  (coreLoadExecutor-6-thread-1) [   ] o.a.s.s.IndexSchema [cars] Schema name=example-data-driven-schema
1619 INFO  (coreLoadExecutor-6-thread-1) [   ] o.a.s.s.IndexSchema unique key field: id
1757 INFO  (coreLoadExecutor-6-thread-1) [   ] o.a.s.s.FileExchangeRateProvider Reloading exchange rates from file currency.xml
1762 INFO  (coreLoadExecutor-6-thread-1) [   ] o.a.s.s.FileExchangeRateProvider Reloading exchange rates from file currency.xml
1809 INFO  (coreLoadExecutor-6-thread-1) [   ] o.a.s.c.ConfigSetProperties Did not find ConfigSet properties, assuming default properties: Can't find resource 'configsetprops.json' in classpath or '/home/ram/startup/solr/server/solr/cars'
1810 INFO  (coreLoadExecutor-6-thread-1) [   ] o.a.s.c.CoreContainer Creating SolrCore 'cars' using configuration from instancedir /home/ram/startup/solr/server/solr/cars
1831 INFO  (coreLoadExecutor-6-thread-1) [   x:cars] o.a.s.c.SolrCore solr.NRTCachingDirectoryFactory
1840 INFO  (coreLoadExecutor-6-thread-1) [   x:cars] o.a.s.c.SolrCore [[cars] ] Opening new SolrCore at [/home/ram/startup/solr/server/solr/cars], dataDir=[/home/ram/startup/solr/server/solr/cars/data/]
1842 INFO  (coreLoadExecutor-6-thread-1) [   x:cars] o.a.s.c.JmxMonitoredMap No JMX servers found, not exposing Solr information with JMX.
1845 INFO  (coreLoadExecutor-6-thread-1) [   x:cars] o.a.s.c.SolrCore [[cars] ] Added SolrEventListener for newSearcher: [org.apache.solr.core.QuerySenderListener{queries=[]}]
1845 INFO  (coreLoadExecutor-6-thread-1) [   x:cars] o.a.s.c.SolrCore [[cars] ] Added SolrEventListener for firstSearcher: [org.apache.solr.core.QuerySenderListener{queries=[]}]
1856 INFO  (coreLoadExecutor-6-thread-1) [   x:cars] o.a.s.c.CachingDirectoryFactory return new directory for /home/ram/startup/solr/server/solr/cars/data/snapshot_metadata
1857 INFO  (coreLoadExecutor-6-thread-1) [   x:cars] o.a.s.c.s.SolrSnapshotMetaDataManager Loading from snapshot metadata file...
1861 INFO  (coreLoadExecutor-6-thread-1) [   x:cars] o.a.s.c.SchemaCodecFactory Using default compressionMode: BEST_SPEED
1862 INFO  (coreLoadExecutor-6-thread-1) [   x:cars] o.a.s.c.CachingDirectoryFactory return new directory for /home/ram/startup/solr/server/solr/cars/data
1862 INFO  (coreLoadExecutor-6-thread-1) [   x:cars] o.a.s.c.SolrCore New index directory detected: old=null new=/home/ram/startup/solr/server/solr/cars/data/index/
1862 INFO  (coreLoadExecutor-6-thread-1) [   x:cars] o.a.s.c.CachingDirectoryFactory return new directory for /home/ram/startup/solr/server/solr/cars/data/index
1875 INFO  (OldIndexDirectoryCleanupThreadForCore-cars) [   x:cars] o.a.s.c.SolrCore Looking for old index directories to cleanup for core cars in /home/ram/startup/solr/server/solr/cars/data/
1876 INFO  (coreLoadExecutor-6-thread-1) [   x:cars] o.a.s.c.PluginBag queryResponseWriter : 'velocity' created with startup=lazy 
1879 INFO  (coreLoadExecutor-6-thread-1) [   x:cars] o.a.s.r.XSLTResponseWriter xsltCacheLifetimeSeconds=5
1961 INFO  (coreLoadExecutor-6-thread-1) [   x:cars] o.a.s.u.p.UpdateRequestProcessorChain creating updateRequestProcessorChain "add-unknown-fields-to-the-schema"
2010 INFO  (coreLoadExecutor-6-thread-1) [   x:cars] o.a.s.c.SolrCore no updateRequestProcessorChain defined as default, creating implicit default
2033 INFO  (coreLoadExecutor-6-thread-1) [   x:cars] o.a.s.h.l.XMLLoader xsltCacheLifetimeSeconds=60
2036 INFO  (coreLoadExecutor-6-thread-1) [   x:cars] o.a.s.h.l.XMLLoader xsltCacheLifetimeSeconds=60
2037 INFO  (coreLoadExecutor-6-thread-1) [   x:cars] o.a.s.h.l.XMLLoader xsltCacheLifetimeSeconds=60
2037 INFO  (coreLoadExecutor-6-thread-1) [   x:cars] o.a.s.h.l.XMLLoader xsltCacheLifetimeSeconds=60
2124 INFO  (coreLoadExecutor-6-thread-1) [   x:cars] o.a.s.c.PluginBag requestHandler : '/terms' created with startup=lazy 
2124 INFO  (coreLoadExecutor-6-thread-1) [   x:cars] o.a.s.c.PluginBag requestHandler : '/update/extract' created with startup=lazy 
2124 INFO  (coreLoadExecutor-6-thread-1) [   x:cars] o.a.s.c.PluginBag requestHandler : '/analysis/field' created with startup=lazy 
2124 INFO  (coreLoadExecutor-6-thread-1) [   x:cars] o.a.s.c.PluginBag requestHandler : '/analysis/document' created with startup=lazy 
2146 INFO  (coreLoadExecutor-6-thread-1) [   x:cars] o.a.s.c.PluginBag requestHandler : '/spellcheck' created with startup=lazy 
2147 INFO  (coreLoadExecutor-6-thread-1) [   x:cars] o.a.s.c.PluginBag requestHandler : '/suggest' created with startup=lazy 
2147 INFO  (coreLoadExecutor-6-thread-1) [   x:cars] o.a.s.c.PluginBag requestHandler : '/spell' created with startup=lazy 
2147 INFO  (coreLoadExecutor-6-thread-1) [   x:cars] o.a.s.c.PluginBag requestHandler : '/tvrh' created with startup=lazy 
2147 INFO  (coreLoadExecutor-6-thread-1) [   x:cars] o.a.s.c.PluginBag requestHandler : '/elevate' created with startup=lazy 
2147 INFO  (coreLoadExecutor-6-thread-1) [   x:cars] o.a.s.c.RequestHandlers Registered paths: /admin/mbeans,/browse,/update/json/docs,/admin/luke,/export,/get,/admin/properties,/elevate,/update/json,/admin/threads,/query,/spellcheck,/analysis/field,/analysis/document,/spell,/update/csv,/sql,/graph,/tvrh,/select,/admin/segments,/admin/system,/suggest,/replication,/config,/stream,/schema,/admin/plugins,/admin/logging,/admin/ping,/update,/admin/file,/terms,/debug/dump,/update/extract
2147 INFO  (coreLoadExecutor-6-thread-1) [   x:cars] o.a.s.c.SolrCore Using default statsCache cache: org.apache.solr.search.stats.LocalStatsCache
2159 INFO  (coreLoadExecutor-6-thread-1) [   x:cars] o.a.s.u.UpdateHandler Using UpdateLog implementation: org.apache.solr.update.UpdateLog
2159 INFO  (coreLoadExecutor-6-thread-1) [   x:cars] o.a.s.u.UpdateLog Initializing UpdateLog: dataDir= defaultSyncLevel=FLUSH numRecordsToKeep=100 maxNumLogsToKeep=10 numVersionBuckets=65536
2181 INFO  (coreLoadExecutor-6-thread-1) [   x:cars] o.a.s.u.CommitTracker Hard AutoCommit: if uncommited for 15000ms; 
2181 INFO  (coreLoadExecutor-6-thread-1) [   x:cars] o.a.s.u.CommitTracker Soft AutoCommit: disabled
2235 INFO  (coreLoadExecutor-6-thread-1) [   x:cars] o.a.s.c.SolrDeletionPolicy SolrDeletionPolicy.onInit: commits: num=1
	commit{dir=NRTCachingDirectory(MMapDirectory@/home/ram/startup/solr/server/solr/cars/data/index lockFactory=org.apache.lucene.store.NativeFSLockFactory@4e7ca9e0; maxCacheMB=48.0 maxMergeSizeMB=4.0),segFN=segments_2,generation=2}
2235 INFO  (coreLoadExecutor-6-thread-1) [   x:cars] o.a.s.c.SolrDeletionPolicy newest commit generation = 2
2288 INFO  (coreLoadExecutor-6-thread-1) [   x:cars] o.a.s.s.SolrIndexSearcher Opening [Searcher@2b29e755[cars] main]
2297 INFO  (coreLoadExecutor-6-thread-1) [   x:cars] o.a.s.r.ManagedResourceStorage File-based storage initialized to use dir: /home/ram/startup/solr/server/solr/cars/conf
2297 INFO  (coreLoadExecutor-6-thread-1) [   x:cars] o.a.s.r.RestManager Initializing RestManager with initArgs: {storageDir=/home/ram/startup/solr/server/solr/cars/conf}
2307 INFO  (coreLoadExecutor-6-thread-1) [   x:cars] o.a.s.r.ManagedResourceStorage Reading _rest_managed.json using file:dir=/home/ram/startup/solr/server/solr/cars/conf
2307 INFO  (coreLoadExecutor-6-thread-1) [   x:cars] o.a.s.r.RestManager Initializing 0 registered ManagedResources
2314 INFO  (coreLoadExecutor-6-thread-1) [   x:cars] o.a.s.h.c.SuggestComponent Initializing SuggestComponent
2317 INFO  (coreLoadExecutor-6-thread-1) [   x:cars] o.a.s.s.s.SolrSuggester init: {name=mySuggester,lookupImpl=FuzzyLookupFactory,dictionaryImpl=DocumentDictionaryFactory,field=cat,weightField=price,suggestAnalyzerFieldType=string,buildOnStartup=false}
2332 INFO  (coreLoadExecutor-6-thread-1) [   x:cars] o.a.s.s.s.SolrSuggester Dictionary loaded with params: {name=mySuggester,lookupImpl=FuzzyLookupFactory,dictionaryImpl=DocumentDictionaryFactory,field=cat,weightField=price,suggestAnalyzerFieldType=string,buildOnStartup=false}
2332 INFO  (coreLoadExecutor-6-thread-1) [   x:cars] o.a.s.h.c.SpellCheckComponent Initializing spell checkers
2340 INFO  (coreLoadExecutor-6-thread-1) [   x:cars] o.a.s.s.DirectSolrSpellChecker init: {name=default,field=_text_,classname=solr.DirectSolrSpellChecker,distanceMeasure=internal,accuracy=0.5,maxEdits=2,minPrefix=1,maxInspections=5,minQueryLength=4,maxQueryFrequency=0.01}
2341 INFO  (coreLoadExecutor-6-thread-1) [   x:cars] o.a.s.h.c.SpellCheckComponent No queryConverter defined, using default converter
2343 INFO  (coreLoadExecutor-6-thread-1) [   x:cars] o.a.s.h.c.QueryElevationComponent Loading QueryElevation from: /home/ram/startup/solr/server/solr/cars/conf/elevate.xml
2355 INFO  (coreLoadExecutor-6-thread-1) [   x:cars] o.a.s.h.ReplicationHandler Commits will be reserved for  10000
2369 INFO  (searcherExecutor-7-thread-1-processing-x:cars) [   x:cars] o.a.s.c.QuerySenderListener QuerySenderListener sending requests to Searcher@2b29e755[cars] main{ExitableDirectoryReader(UninvertingDirectoryReader(Uninverting(_0(6.2.1):C128)))}
2369 INFO  (searcherExecutor-7-thread-1-processing-x:cars) [   x:cars] o.a.s.c.QuerySenderListener QuerySenderListener done.
2369 INFO  (searcherExecutor-7-thread-1-processing-x:cars) [   x:cars] o.a.s.h.c.SpellCheckComponent Loading spell index for spellchecker: default
2370 INFO  (searcherExecutor-7-thread-1-processing-x:cars) [   x:cars] o.a.s.c.SolrCore [cars] Registered new searcher Searcher@2b29e755[cars] main{ExitableDirectoryReader(UninvertingDirectoryReader(Uninverting(_0(6.2.1):C128)))}
2370 INFO  (coreLoadExecutor-6-thread-1) [   x:cars] o.a.s.u.UpdateLog Looking up max value of version field to seed version buckets
2371 INFO  (coreLoadExecutor-6-thread-1) [   x:cars] o.a.s.u.VersionInfo Refreshing highest value of _version_ for 65536 version buckets from index
2381 INFO  (coreLoadExecutor-6-thread-1) [   x:cars] o.a.s.u.VersionInfo Found MAX value 1548236994679668736 from Terms for _version_ in index
2388 INFO  (coreLoadExecutor-6-thread-1) [   x:cars] o.a.s.u.UpdateLog Took 17.0ms to seed version buckets with highest version 1548236994679668736
2389 INFO  (coreLoadExecutor-6-thread-1) [   x:cars] o.a.s.c.CoreContainer registering core: cars
7727 INFO  (qtp97730845-15) [   ] o.a.s.s.HttpSolrCall [admin] webapp=null path=/admin/cores params={indexInfo=false&wt=json&_=1476955098713} status=0 QTime=9
7827 INFO  (qtp97730845-19) [   ] o.a.s.s.HttpSolrCall [admin] webapp=null path=/admin/info/system params={wt=json&_=1476955098715} status=0 QTime=108
7852 INFO  (qtp97730845-19) [   ] o.a.s.s.HttpSolrCall [admin] webapp=null path=/admin/info/system params={wt=json&_=1476955098715} status=0 QTime=9
11461 INFO  (qtp97730845-21) [   ] o.a.s.s.HttpSolrCall [admin] webapp=null path=/admin/cores params={indexInfo=false&wt=json&_=1476955098713} status=0 QTime=0
11469 INFO  (qtp97730845-12) [   x:cars] o.a.s.c.S.Request [cars]  webapp=/solr path=/admin/luke params={numTerms=0&show=index&wt=json&_=1476955102660} status=0 QTime=4
11470 INFO  (qtp97730845-18) [   x:cars] o.a.s.c.S.Request [cars]  webapp=/solr path=/replication params={wt=json&command=details&_=1476955102660} status=0 QTime=2
11476 INFO  (qtp97730845-15) [   x:cars] o.a.s.c.S.Request [cars]  webapp=/solr path=/admin/ping params={action=status&wt=json&_=1476955098715&ts=1476955098715} status=503 QTime=2
11502 INFO  (qtp97730845-13) [   ] o.a.s.s.HttpSolrCall [admin] webapp=null path=/admin/info/system params={wt=json&_=1476955098715} status=0 QTime=39
11503 INFO  (qtp97730845-14) [   x:cars] o.a.s.c.S.Request [cars]  webapp=/solr path=/admin/system params={wt=json&_=1476955102660} status=0 QTime=35
18439 INFO  (qtp97730845-21) [   ] o.a.s.s.HttpSolrCall [admin] webapp=null path=/admin/cores params={indexInfo=false&wt=json&_=1476955098713} status=0 QTime=0
18446 INFO  (qtp97730845-20) [   ] o.a.s.s.HttpSolrCall [admin] webapp=null path=/admin/info/system params={wt=json&_=1476955098715} status=0 QTime=5
20972 INFO  (qtp97730845-13) [   x:cars] o.a.s.c.S.Request [cars]  webapp=/solr path=/select params={q=*:*&indent=on&wt=json&_=1476955109604} hits=128 status=0 QTime=29
30000 INFO  (qtp97730845-14) [   x:cars] o.a.s.c.S.Request [cars]  webapp=/solr path=/select params={q=*:*&indent=on&wt=json} hits=128 status=0 QTime=0
